\BOOKMARK [0][-]{part.1}{I Model}{}% 1
\BOOKMARK [1][-]{section.1}{Chemical Reaction Networks}{part.1}% 2
\BOOKMARK [2][-]{subsection.1.1}{Propensities}{section.1}% 3
\BOOKMARK [2][-]{subsection.1.2}{Measurement model}{section.1}% 4
\BOOKMARK [1][-]{section.2}{The model files}{part.1}% 5
\BOOKMARK [2][-]{subsection.2.1}{General remarks about the model files}{section.2}% 6
\BOOKMARK [2][-]{subsection.2.2}{The dynamics file}{section.2}% 7
\BOOKMARK [2][-]{subsection.2.3}{The initial conditions file}{section.2}% 8
\BOOKMARK [2][-]{subsection.2.4}{The measurement model file}{section.2}% 9
\BOOKMARK [3][-]{subsubsection.2.4.1}{Measurement:}{subsection.2.4}% 10
\BOOKMARK [3][-]{subsubsection.2.4.2}{Loglikelihood:}{subsection.2.4}% 11
\BOOKMARK [0][-]{part.2}{II The config.xml file}{}% 12
\BOOKMARK [1][-]{section.3}{Basic blocks}{part.2}% 13
\BOOKMARK [2][-]{subsection.3.1}{The <model> block}{section.3}% 14
\BOOKMARK [2][-]{subsection.3.2}{The <Simulation> block}{section.3}% 15
\BOOKMARK [2][-]{subsection.3.3}{The <LFNS> block}{section.3}% 16
\BOOKMARK [1][-]{section.4}{Defining different experiments}{part.2}% 17
\BOOKMARK [2][-]{subsection.4.1}{The <data> block}{section.4}% 18
\BOOKMARK [2][-]{subsection.4.2}{The <inputs> block}{section.4}% 19
\BOOKMARK [1][-]{section.5}{Defining priors: the <parameter> block}{part.2}% 20
\BOOKMARK [1][-]{section*.2}{Bibliography}{part.2}% 21
